<?xml version="1.0" encoding="UTF-8" standalone="no"?>
<testsuite failures="0" name="cucumber.runtime.formatter.JUnitFormatter" skipped="0" tests="1" time="86.075306">
<testcase classname="Amazon application Test" name="Validate Amazon Home page Test" time="86.075306">
<system-out><![CDATA[Given User open the browser.................................................passed
Then user validate login page title.........................................passed
Then User enter username and password.......................................passed
Then User validate username on home page....................................passed
]]></system-out>
</testcase>
</testsuite>
